<?xml version="1.0" encoding="UTF-8"?>
<testng-results skipped="0" failed="0" ignored="0" total="1" passed="1">
  <reporter-output>
  </reporter-output>
  <suite name="Default suite" duration-ms="23785" started-at="2019-01-27T18:39:02Z" finished-at="2019-01-27T18:39:26Z">
    <groups>
    </groups>
    <test name="Default test" duration-ms="23785" started-at="2019-01-27T18:39:02Z" finished-at="2019-01-27T18:39:26Z">
      <class name="com.qa.tests.LoginTest">
        <test-method status="PASS" signature="Setup()[pri:0, instance:com.qa.tests.LoginTest@1fdc050]" name="Setup" is-config="true" duration-ms="22916" started-at="2019-01-27T18:39:02Z" finished-at="2019-01-27T18:39:25Z">
          <reporter-output>
          </reporter-output>
        </test-method> <!-- Setup -->
        <test-method status="PASS" signature="VerifyTitle()[pri:1, instance:com.qa.tests.LoginTest@1fdc050]" name="VerifyTitle" duration-ms="80" started-at="2019-01-27T18:39:25Z" finished-at="2019-01-27T18:39:25Z">
          <reporter-output>
          </reporter-output>
        </test-method> <!-- VerifyTitle -->
        <test-method status="PASS" signature="teardown()[pri:0, instance:com.qa.tests.LoginTest@1fdc050]" name="teardown" is-config="true" duration-ms="743" started-at="2019-01-27T18:39:25Z" finished-at="2019-01-27T18:39:26Z">
          <reporter-output>
          </reporter-output>
        </test-method> <!-- teardown -->
      </class> <!-- com.qa.tests.LoginTest -->
    </test> <!-- Default test -->
  </suite> <!-- Default suite -->
</testng-results>
